
> craters.js@1.2.2 build /storage/sdcard0/.htdocs/craters.js
> npm run fix && rollup --config && webpack


> craters.js@1.2.2 fix /storage/sdcard0/.htdocs/craters.js
> bash ./.beautify

beautified craters/craters.js - unchanged
beautified craters/entity.js - unchanged
beautified craters/input.js - unchanged
beautified craters/loader.js - unchanged
beautified craters/sound.js - unchanged
beautified craters/system.js - unchanged
beautified examples/breakout-game/game.js - unchanged
beautified examples/breakout-game/game.min.js
beautified examples/breakout-game/webpack.config.js - unchanged
beautified examples/sprites-demo/game.js - unchanged
beautified examples/sprites-demo/game.min.js - unchanged
beautified examples/sprites-demo/webpack.config.js - unchanged
beautified examples/breakout-game/index.html - unchanged
beautified examples/browser-esmodule/index.html - unchanged
beautified examples/browser-htmlscript/index.html - unchanged
beautified examples/sprites-demo/index.html - unchanged
beautified __test__/box2d.test/Box2D.js - unchanged
beautified __test__/box2d.test/game.js - unchanged
beautified __test__/box2d.test/game.min.js - unchanged
beautified __test__/box2d.test/webpack.config.js - unchanged
beautified __test__/collision.test/game.js - unchanged
beautified __test__/collision.test/game.min.js - unchanged
beautified __test__/collision.test/webpack.config.js - unchanged
beautified __test__/itsworking.test/game.js - unchanged
beautified __test__/itsworking.test/game.min.js - unchanged
beautified __test__/itsworking.test/webpack.config.js - unchanged
beautified __test__/tilemap.test/game.js - unchanged
beautified __test__/tilemap.test/game.min.js - unchanged
beautified __test__/tilemap.test/webpack.config.js - unchanged

./craters/craters.js → ./dist/craters.js, ./dist/craters.mjs...
created ./dist/craters.js, ./dist/craters.mjs in 8.7s
Hash: 42809304456b8f9aa68a
Version: webpack 4.38.0
Time: 29372ms
Built at: 10/25/2019 02:35:44
                 Asset      Size  Chunks             Chunk Names
 ./dist/craters.min.js  13.8 KiB       0  [emitted]  ./dist/craters.min.js
./dist/craters.min.mjs  9.61 KiB       1  [emitted]  ./dist/craters.min.mjs
Entrypoint ./dist/craters.min.js = ./dist/craters.min.js
Entrypoint ./dist/craters.min.mjs = ./dist/craters.min.mjs
[0] (webpack)/buildin/global.js 472 bytes {0} [built]
[1] ./dist/craters.js 26.4 KiB {0} [built]
[5] ./dist/craters.mjs 23.3 KiB {1} [built]
    + 3 hidden modules

WARNING in configuration
The 'mode' option has not been set, webpack will fallback to 'production' for this value. Set 'mode' option to 'development' or 'production' to enable defaults for each environment.
You can also set it to 'none' to disable any default behavior. Learn more: https://webpack.js.org/configuration/mode/
